<?xml version="1.0" encoding="UTF-8"?>
<!-- Generated by org.testng.reporters.JUnitReportReporter -->
<testsuite skipped="0" hostname="LAPTOP-HN04VOS8" name="com.qa.Baselayer.BaseLayer" tests="1" failures="0" timestamp="03 Jul 2019 08:46:17 GMT" time="39.133" errors="0">
  <testcase name="browser" time="39.133" classname="com.qa.Baselayer.BaseLayer"/>
</testsuite> <!-- com.qa.Baselayer.BaseLayer -->
